<?xml version="1.0" encoding="UTF-8"?>
<testng-results skipped="0" failed="0" ignored="0" total="1" passed="1">
  <reporter-output>
  </reporter-output>
  <suite name="Suite" duration-ms="1459" started-at="2019-02-24T18:06:23 NZDT" finished-at="2019-02-24T18:06:24 NZDT">
    <groups>
    </groups>
    <test name="Test" duration-ms="1459" started-at="2019-02-24T18:06:23 NZDT" finished-at="2019-02-24T18:06:24 NZDT">
      <class name="apiTest.AssurityAPI.APITest">
        <test-method status="PASS" signature="apiTestAssurity()[pri:0, instance:apiTest.AssurityAPI.APITest@77b52d12]" name="apiTestAssurity" duration-ms="1251" started-at="2019-02-24T18:06:23 NZDT" finished-at="2019-02-24T18:06:24 NZDT">
          <reporter-output>
          </reporter-output>
        </test-method> <!-- apiTestAssurity -->
      </class> <!-- apiTest.AssurityAPI.APITest -->
    </test> <!-- Test -->
  </suite> <!-- Suite -->
</testng-results>
